                                      1 ;--------------------------------------------------------
                                      2 ; File Created by SDCC : free open source ANSI-C Compiler
                                      3 ; Version 4.0.0 #11528 (Mac OS X x86_64)
                                      4 ;--------------------------------------------------------
                                      5 	.module app
                                      6 	.optsdcc -mmcs51 --model-small
                                      7 	
                                      8 ;--------------------------------------------------------
                                      9 ; Public variables in this module
                                     10 ;--------------------------------------------------------
                                     11 	.globl _int0
                                     12 	.globl _main
                                     13 	.globl _CY
                                     14 	.globl _AC
                                     15 	.globl _F0
                                     16 	.globl _RS1
                                     17 	.globl _RS0
                                     18 	.globl _OV
                                     19 	.globl _F1
                                     20 	.globl _P
                                     21 	.globl _PS
                                     22 	.globl _PT1
                                     23 	.globl _PX1
                                     24 	.globl _PT0
                                     25 	.globl _PX0
                                     26 	.globl _RD
                                     27 	.globl _WR
                                     28 	.globl _T1
                                     29 	.globl _T0
                                     30 	.globl _INT1
                                     31 	.globl _INT0
                                     32 	.globl _TXD
                                     33 	.globl _RXD
                                     34 	.globl _P3_7
                                     35 	.globl _P3_6
                                     36 	.globl _P3_5
                                     37 	.globl _P3_4
                                     38 	.globl _P3_3
                                     39 	.globl _P3_2
                                     40 	.globl _P3_1
                                     41 	.globl _P3_0
                                     42 	.globl _EA
                                     43 	.globl _ES
                                     44 	.globl _ET1
                                     45 	.globl _EX1
                                     46 	.globl _ET0
                                     47 	.globl _EX0
                                     48 	.globl _P2_7
                                     49 	.globl _P2_6
                                     50 	.globl _P2_5
                                     51 	.globl _P2_4
                                     52 	.globl _P2_3
                                     53 	.globl _P2_2
                                     54 	.globl _P2_1
                                     55 	.globl _P2_0
                                     56 	.globl _SM0
                                     57 	.globl _SM1
                                     58 	.globl _SM2
                                     59 	.globl _REN
                                     60 	.globl _TB8
                                     61 	.globl _RB8
                                     62 	.globl _TI
                                     63 	.globl _RI
                                     64 	.globl _P1_7
                                     65 	.globl _P1_6
                                     66 	.globl _P1_5
                                     67 	.globl _P1_4
                                     68 	.globl _P1_3
                                     69 	.globl _P1_2
                                     70 	.globl _P1_1
                                     71 	.globl _P1_0
                                     72 	.globl _TF1
                                     73 	.globl _TR1
                                     74 	.globl _TF0
                                     75 	.globl _TR0
                                     76 	.globl _IE1
                                     77 	.globl _IT1
                                     78 	.globl _IE0
                                     79 	.globl _IT0
                                     80 	.globl _P0_7
                                     81 	.globl _P0_6
                                     82 	.globl _P0_5
                                     83 	.globl _P0_4
                                     84 	.globl _P0_3
                                     85 	.globl _P0_2
                                     86 	.globl _P0_1
                                     87 	.globl _P0_0
                                     88 	.globl _B
                                     89 	.globl _ACC
                                     90 	.globl _PSW
                                     91 	.globl _IP
                                     92 	.globl _P3
                                     93 	.globl _IE
                                     94 	.globl _P2
                                     95 	.globl _SBUF
                                     96 	.globl _SCON
                                     97 	.globl _P1
                                     98 	.globl _TH1
                                     99 	.globl _TH0
                                    100 	.globl _TL1
                                    101 	.globl _TL0
                                    102 	.globl _TMOD
                                    103 	.globl _TCON
                                    104 	.globl _PCON
                                    105 	.globl _DPH
                                    106 	.globl _DPL
                                    107 	.globl _SP
                                    108 	.globl _P0
                                    109 	.globl _init
                                    110 	.globl _loop
                                    111 	.globl _delay
                                    112 ;--------------------------------------------------------
                                    113 ; special function registers
                                    114 ;--------------------------------------------------------
                                    115 	.area RSEG    (ABS,DATA)
      000000                        116 	.org 0x0000
                           000080   117 _P0	=	0x0080
                           000081   118 _SP	=	0x0081
                           000082   119 _DPL	=	0x0082
                           000083   120 _DPH	=	0x0083
                           000087   121 _PCON	=	0x0087
                           000088   122 _TCON	=	0x0088
                           000089   123 _TMOD	=	0x0089
                           00008A   124 _TL0	=	0x008a
                           00008B   125 _TL1	=	0x008b
                           00008C   126 _TH0	=	0x008c
                           00008D   127 _TH1	=	0x008d
                           000090   128 _P1	=	0x0090
                           000098   129 _SCON	=	0x0098
                           000099   130 _SBUF	=	0x0099
                           0000A0   131 _P2	=	0x00a0
                           0000A8   132 _IE	=	0x00a8
                           0000B0   133 _P3	=	0x00b0
                           0000B8   134 _IP	=	0x00b8
                           0000D0   135 _PSW	=	0x00d0
                           0000E0   136 _ACC	=	0x00e0
                           0000F0   137 _B	=	0x00f0
                                    138 ;--------------------------------------------------------
                                    139 ; special function bits
                                    140 ;--------------------------------------------------------
                                    141 	.area RSEG    (ABS,DATA)
      000000                        142 	.org 0x0000
                           000080   143 _P0_0	=	0x0080
                           000081   144 _P0_1	=	0x0081
                           000082   145 _P0_2	=	0x0082
                           000083   146 _P0_3	=	0x0083
                           000084   147 _P0_4	=	0x0084
                           000085   148 _P0_5	=	0x0085
                           000086   149 _P0_6	=	0x0086
                           000087   150 _P0_7	=	0x0087
                           000088   151 _IT0	=	0x0088
                           000089   152 _IE0	=	0x0089
                           00008A   153 _IT1	=	0x008a
                           00008B   154 _IE1	=	0x008b
                           00008C   155 _TR0	=	0x008c
                           00008D   156 _TF0	=	0x008d
                           00008E   157 _TR1	=	0x008e
                           00008F   158 _TF1	=	0x008f
                           000090   159 _P1_0	=	0x0090
                           000091   160 _P1_1	=	0x0091
                           000092   161 _P1_2	=	0x0092
                           000093   162 _P1_3	=	0x0093
                           000094   163 _P1_4	=	0x0094
                           000095   164 _P1_5	=	0x0095
                           000096   165 _P1_6	=	0x0096
                           000097   166 _P1_7	=	0x0097
                           000098   167 _RI	=	0x0098
                           000099   168 _TI	=	0x0099
                           00009A   169 _RB8	=	0x009a
                           00009B   170 _TB8	=	0x009b
                           00009C   171 _REN	=	0x009c
                           00009D   172 _SM2	=	0x009d
                           00009E   173 _SM1	=	0x009e
                           00009F   174 _SM0	=	0x009f
                           0000A0   175 _P2_0	=	0x00a0
                           0000A1   176 _P2_1	=	0x00a1
                           0000A2   177 _P2_2	=	0x00a2
                           0000A3   178 _P2_3	=	0x00a3
                           0000A4   179 _P2_4	=	0x00a4
                           0000A5   180 _P2_5	=	0x00a5
                           0000A6   181 _P2_6	=	0x00a6
                           0000A7   182 _P2_7	=	0x00a7
                           0000A8   183 _EX0	=	0x00a8
                           0000A9   184 _ET0	=	0x00a9
                           0000AA   185 _EX1	=	0x00aa
                           0000AB   186 _ET1	=	0x00ab
                           0000AC   187 _ES	=	0x00ac
                           0000AF   188 _EA	=	0x00af
                           0000B0   189 _P3_0	=	0x00b0
                           0000B1   190 _P3_1	=	0x00b1
                           0000B2   191 _P3_2	=	0x00b2
                           0000B3   192 _P3_3	=	0x00b3
                           0000B4   193 _P3_4	=	0x00b4
                           0000B5   194 _P3_5	=	0x00b5
                           0000B6   195 _P3_6	=	0x00b6
                           0000B7   196 _P3_7	=	0x00b7
                           0000B0   197 _RXD	=	0x00b0
                           0000B1   198 _TXD	=	0x00b1
                           0000B2   199 _INT0	=	0x00b2
                           0000B3   200 _INT1	=	0x00b3
                           0000B4   201 _T0	=	0x00b4
                           0000B5   202 _T1	=	0x00b5
                           0000B6   203 _WR	=	0x00b6
                           0000B7   204 _RD	=	0x00b7
                           0000B8   205 _PX0	=	0x00b8
                           0000B9   206 _PT0	=	0x00b9
                           0000BA   207 _PX1	=	0x00ba
                           0000BB   208 _PT1	=	0x00bb
                           0000BC   209 _PS	=	0x00bc
                           0000D0   210 _P	=	0x00d0
                           0000D1   211 _F1	=	0x00d1
                           0000D2   212 _OV	=	0x00d2
                           0000D3   213 _RS0	=	0x00d3
                           0000D4   214 _RS1	=	0x00d4
                           0000D5   215 _F0	=	0x00d5
                           0000D6   216 _AC	=	0x00d6
                           0000D7   217 _CY	=	0x00d7
                                    218 ;--------------------------------------------------------
                                    219 ; overlayable register banks
                                    220 ;--------------------------------------------------------
                                    221 	.area REG_BANK_0	(REL,OVR,DATA)
      000000                        222 	.ds 8
                                    223 ;--------------------------------------------------------
                                    224 ; overlayable bit register bank
                                    225 ;--------------------------------------------------------
                                    226 	.area BIT_BANK	(REL,OVR,DATA)
      000000                        227 bits:
      000000                        228 	.ds 1
                           008000   229 	b0 = bits[0]
                           008100   230 	b1 = bits[1]
                           008200   231 	b2 = bits[2]
                           008300   232 	b3 = bits[3]
                           008400   233 	b4 = bits[4]
                           008500   234 	b5 = bits[5]
                           008600   235 	b6 = bits[6]
                           008700   236 	b7 = bits[7]
                                    237 ;--------------------------------------------------------
                                    238 ; internal ram data
                                    239 ;--------------------------------------------------------
                                    240 	.area DSEG    (DATA)
                                    241 ;--------------------------------------------------------
                                    242 ; overlayable items in internal ram 
                                    243 ;--------------------------------------------------------
                                    244 	.area	OSEG    (OVR,DATA)
                                    245 ;--------------------------------------------------------
                                    246 ; Stack segment in internal ram 
                                    247 ;--------------------------------------------------------
                                    248 	.area	SSEG
      000000                        249 __start__stack:
      000000                        250 	.ds	1
                                    251 
                                    252 ;--------------------------------------------------------
                                    253 ; indirectly addressable internal ram data
                                    254 ;--------------------------------------------------------
                                    255 	.area ISEG    (DATA)
                                    256 ;--------------------------------------------------------
                                    257 ; absolute internal ram data
                                    258 ;--------------------------------------------------------
                                    259 	.area IABS    (ABS,DATA)
                                    260 	.area IABS    (ABS,DATA)
                                    261 ;--------------------------------------------------------
                                    262 ; bit data
                                    263 ;--------------------------------------------------------
                                    264 	.area BSEG    (BIT)
                                    265 ;--------------------------------------------------------
                                    266 ; paged external ram data
                                    267 ;--------------------------------------------------------
                                    268 	.area PSEG    (PAG,XDATA)
                                    269 ;--------------------------------------------------------
                                    270 ; external ram data
                                    271 ;--------------------------------------------------------
                                    272 	.area XSEG    (XDATA)
                                    273 ;--------------------------------------------------------
                                    274 ; absolute external ram data
                                    275 ;--------------------------------------------------------
                                    276 	.area XABS    (ABS,XDATA)
                                    277 ;--------------------------------------------------------
                                    278 ; external initialized ram data
                                    279 ;--------------------------------------------------------
                                    280 	.area XISEG   (XDATA)
                                    281 	.area HOME    (CODE)
                                    282 	.area GSINIT0 (CODE)
                                    283 	.area GSINIT1 (CODE)
                                    284 	.area GSINIT2 (CODE)
                                    285 	.area GSINIT3 (CODE)
                                    286 	.area GSINIT4 (CODE)
                                    287 	.area GSINIT5 (CODE)
                                    288 	.area GSINIT  (CODE)
                                    289 	.area GSFINAL (CODE)
                                    290 	.area CSEG    (CODE)
                                    291 ;--------------------------------------------------------
                                    292 ; interrupt vector 
                                    293 ;--------------------------------------------------------
                                    294 	.area HOME    (CODE)
      000000                        295 __interrupt_vect:
      000000 02r00r00         [24]  296 	ljmp	__sdcc_gsinit_startup
      000003 02r00r12         [24]  297 	ljmp	_int0
                                    298 ;--------------------------------------------------------
                                    299 ; global & static initialisations
                                    300 ;--------------------------------------------------------
                                    301 	.area HOME    (CODE)
                                    302 	.area GSINIT  (CODE)
                                    303 	.area GSFINAL (CODE)
                                    304 	.area GSINIT  (CODE)
                                    305 	.globl __sdcc_gsinit_startup
                                    306 	.globl __sdcc_program_startup
                                    307 	.globl __start__stack
                                    308 	.globl __mcs51_genXINIT
                                    309 	.globl __mcs51_genXRAMCLEAR
                                    310 	.globl __mcs51_genRAMCLEAR
                                    311 	.area GSFINAL (CODE)
      000000 02r00r06         [24]  312 	ljmp	__sdcc_program_startup
                                    313 ;--------------------------------------------------------
                                    314 ; Home
                                    315 ;--------------------------------------------------------
                                    316 	.area HOME    (CODE)
                                    317 	.area HOME    (CODE)
      000006                        318 __sdcc_program_startup:
      000006 02r00r00         [24]  319 	ljmp	_main
                                    320 ;	return from main will return to caller
                                    321 ;--------------------------------------------------------
                                    322 ; code
                                    323 ;--------------------------------------------------------
                                    324 	.area CSEG    (CODE)
                                    325 ;------------------------------------------------------------
                                    326 ;Allocation info for local variables in function 'main'
                                    327 ;------------------------------------------------------------
                                    328 ;	src/app.c:13: void main() {
                                    329 ;	-----------------------------------------
                                    330 ;	 function main
                                    331 ;	-----------------------------------------
      000000                        332 _main:
                           000007   333 	ar7 = 0x07
                           000006   334 	ar6 = 0x06
                           000005   335 	ar5 = 0x05
                           000004   336 	ar4 = 0x04
                           000003   337 	ar3 = 0x03
                           000002   338 	ar2 = 0x02
                           000001   339 	ar1 = 0x01
                           000000   340 	ar0 = 0x00
                                    341 ;	src/app.c:14: init();
      000000 12r00r08         [24]  342 	lcall	_init
                                    343 ;	src/app.c:15: while (true) {
      000003                        344 00102$:
                                    345 ;	src/app.c:16: loop();
      000003 12r00r11         [24]  346 	lcall	_loop
                                    347 ;	src/app.c:18: }
      000006 80 FB            [24]  348 	sjmp	00102$
                                    349 ;------------------------------------------------------------
                                    350 ;Allocation info for local variables in function 'init'
                                    351 ;------------------------------------------------------------
                                    352 ;	src/app.c:20: void init() {
                                    353 ;	-----------------------------------------
                                    354 ;	 function init
                                    355 ;	-----------------------------------------
      000008                        356 _init:
                                    357 ;	src/app.c:21: IT0 = 1; // set INT0 interrupt type: (1: falling, 0: low level)
                                    358 ;	assignBit
      000008 D2 88            [12]  359 	setb	_IT0
                                    360 ;	src/app.c:22: EX0 = 1; // enable INT0 interrupt
                                    361 ;	assignBit
      00000A D2 A8            [12]  362 	setb	_EX0
                                    363 ;	src/app.c:23: EA = 1;  // open global interrupt switch
                                    364 ;	assignBit
      00000C D2 AF            [12]  365 	setb	_EA
                                    366 ;	src/app.c:24: P1_2 = 0;
                                    367 ;	assignBit
      00000E C2 92            [12]  368 	clr	_P1_2
                                    369 ;	src/app.c:25: }
      000010 22               [24]  370 	ret
                                    371 ;------------------------------------------------------------
                                    372 ;Allocation info for local variables in function 'loop'
                                    373 ;------------------------------------------------------------
                                    374 ;	src/app.c:27: void loop() {}
                                    375 ;	-----------------------------------------
                                    376 ;	 function loop
                                    377 ;	-----------------------------------------
      000011                        378 _loop:
      000011 22               [24]  379 	ret
                                    380 ;------------------------------------------------------------
                                    381 ;Allocation info for local variables in function 'int0'
                                    382 ;------------------------------------------------------------
                                    383 ;	src/app.c:29: void int0() __interrupt(0) {
                                    384 ;	-----------------------------------------
                                    385 ;	 function int0
                                    386 ;	-----------------------------------------
      000012                        387 _int0:
      000012 C0*00            [24]  388 	push	bits
      000014 C0 E0            [24]  389 	push	acc
      000016 C0 F0            [24]  390 	push	b
      000018 C0 82            [24]  391 	push	dpl
      00001A C0 83            [24]  392 	push	dph
      00001C C0 07            [24]  393 	push	(0+7)
      00001E C0 06            [24]  394 	push	(0+6)
      000020 C0 05            [24]  395 	push	(0+5)
      000022 C0 04            [24]  396 	push	(0+4)
      000024 C0 03            [24]  397 	push	(0+3)
      000026 C0 02            [24]  398 	push	(0+2)
      000028 C0 01            [24]  399 	push	(0+1)
      00002A C0 00            [24]  400 	push	(0+0)
      00002C C0 D0            [24]  401 	push	psw
      00002E 75 D0 00         [24]  402 	mov	psw,#0x00
                                    403 ;	src/app.c:30: delay(10);
      000031 90 00 0A         [24]  404 	mov	dptr,#0x000a
      000034 12r00r59         [24]  405 	lcall	_delay
                                    406 ;	src/app.c:31: if (P3_2 == 0) {
      000037 20 B2 02         [24]  407 	jb	_P3_2,00103$
                                    408 ;	src/app.c:32: P1_2 = !P1_2;
      00003A B2 92            [12]  409 	cpl	_P1_2
      00003C                        410 00103$:
                                    411 ;	src/app.c:34: }
      00003C D0 D0            [24]  412 	pop	psw
      00003E D0 00            [24]  413 	pop	(0+0)
      000040 D0 01            [24]  414 	pop	(0+1)
      000042 D0 02            [24]  415 	pop	(0+2)
      000044 D0 03            [24]  416 	pop	(0+3)
      000046 D0 04            [24]  417 	pop	(0+4)
      000048 D0 05            [24]  418 	pop	(0+5)
      00004A D0 06            [24]  419 	pop	(0+6)
      00004C D0 07            [24]  420 	pop	(0+7)
      00004E D0 83            [24]  421 	pop	dph
      000050 D0 82            [24]  422 	pop	dpl
      000052 D0 F0            [24]  423 	pop	b
      000054 D0 E0            [24]  424 	pop	acc
      000056 D0*00            [24]  425 	pop	bits
      000058 32               [24]  426 	reti
                                    427 ;------------------------------------------------------------
                                    428 ;Allocation info for local variables in function 'delay'
                                    429 ;------------------------------------------------------------
                                    430 ;i                         Allocated to registers 
                                    431 ;------------------------------------------------------------
                                    432 ;	src/app.c:36: void delay(word i) {
                                    433 ;	-----------------------------------------
                                    434 ;	 function delay
                                    435 ;	-----------------------------------------
      000059                        436 _delay:
      000059 AE 82            [24]  437 	mov	r6,dpl
      00005B AF 83            [24]  438 	mov	r7,dph
                                    439 ;	src/app.c:37: while (i--)
      00005D                        440 00101$:
      00005D 8E 04            [24]  441 	mov	ar4,r6
      00005F 8F 05            [24]  442 	mov	ar5,r7
      000061 1E               [12]  443 	dec	r6
      000062 BE FF 01         [24]  444 	cjne	r6,#0xff,00111$
      000065 1F               [12]  445 	dec	r7
      000066                        446 00111$:
      000066 EC               [12]  447 	mov	a,r4
      000067 4D               [12]  448 	orl	a,r5
      000068 70 F3            [24]  449 	jnz	00101$
                                    450 ;	src/app.c:39: }
      00006A 22               [24]  451 	ret
                                    452 	.area CSEG    (CODE)
                                    453 	.area CONST   (CODE)
                                    454 	.area XINIT   (CODE)
                                    455 	.area CABS    (ABS,CODE)
